<?xml version="1.0" encoding="UTF-8"?>
<!-- Generated by org.testng.reporters.JUnitReportReporter -->
<testsuite skipped="0" hostname="DESKTOP-EE4SE6R" name="com.learning.osPlot.CustomerLoginTests" tests="10" failures="0" timestamp="2023-04-17T09:20:29 IST" time="29.360" errors="0">
  <testcase name="initialTest" time="5.800" classname="com.learning.osPlot.CustomerLoginTests"/>
  <system-out/>
  <testcase name="noPhone" time="4.657" classname="com.learning.osPlot.CustomerLoginTests"/>
  <system-out/>
  <testcase name="validPhone" time="4.935" classname="com.learning.osPlot.CustomerLoginTests"/>
  <system-out/>
  <testcase name="validateOtpWithEmptyCrendial" time="3.526" classname="com.learning.osPlot.CustomerLoginTests"/>
  <system-out/>
  <testcase name="validateOtpWithValidCrendial" time="3.954" classname="com.learning.osPlot.CustomerLoginTests"/>
  <system-out/>
  <testcase name="validatePlanDetails" time="1.626" classname="com.learning.osPlot.CustomerLoginTests"/>
  <system-out/>
  <testcase name="validatePay" time="0.836" classname="com.learning.osPlot.CustomerLoginTests"/>
  <system-out/>
  <testcase name="validateCompletedTab" time="0.155" classname="com.learning.osPlot.CustomerLoginTests"/>
  <system-out/>
  <testcase name="validateReceipt" time="1.664" classname="com.learning.osPlot.CustomerLoginTests"/>
  <system-out/>
  <testcase name="validateMorePlans" time="2.207" classname="com.learning.osPlot.CustomerLoginTests"/>
  <system-out/>
</testsuite> <!-- com.learning.osPlot.CustomerLoginTests -->
