<?xml version="1.0" encoding="UTF-8"?>
<!-- Generated by org.testng.reporters.JUnitReportReporter -->
<testsuite skipped="0" hostname="DESKTOP-EE4SE6R" name="com.learning.osPlot.setUp" tests="1" failures="0" timestamp="2023-03-01T14:21:01 IST" time="0.018" errors="0">
  <testcase name="check" time="0.018" classname="com.learning.osPlot.setUp"/>
  <system-out/>
</testsuite> <!-- com.learning.osPlot.setUp -->
