<?xml version="1.0" encoding="UTF-8"?>
<!-- Generated by org.testng.reporters.JUnitReportReporter -->
<testsuite skipped="0" hostname="DESKTOP-EE4SE6R" name="com.learning.osPlot.Tests" tests="9" failures="0" timestamp="2023-03-11T14:16:48 IST" time="26.097" errors="0">
  <testcase name="initialTest" time="5.739" classname="com.learning.osPlot.Tests"/>
  <system-out/>
  <testcase name="noPhone" time="4.165" classname="com.learning.osPlot.Tests"/>
  <system-out/>
  <testcase name="validPhone" time="5.060" classname="com.learning.osPlot.Tests"/>
  <system-out/>
  <testcase name="validateOtpWithEmptyCrendial" time="3.348" classname="com.learning.osPlot.Tests"/>
  <system-out/>
  <testcase name="validateOtpWithValidCrendial" time="3.989" classname="com.learning.osPlot.Tests"/>
  <system-out/>
  <testcase name="validatePlanDetails" time="1.350" classname="com.learning.osPlot.Tests"/>
  <system-out/>
  <testcase name="validatePay" time="0.757" classname="com.learning.osPlot.Tests"/>
  <system-out/>
  <testcase name="validateCompletedTab" time="0.123" classname="com.learning.osPlot.Tests"/>
  <system-out/>
  <testcase name="validateReceipt" time="1.566" classname="com.learning.osPlot.Tests"/>
  <system-out/>
</testsuite> <!-- com.learning.osPlot.Tests -->
