<?xml version="1.0" encoding="UTF-8"?>
<!-- Generated by org.testng.reporters.JUnitReportReporter -->
<testsuite skipped="0" hostname="DESKTOP-EE4SE6R" name="com.learning.osPlot.SalesManagerLoginTests" tests="6" failures="0" timestamp="2023-03-16T14:35:26 IST" time="55.263" errors="0">
  <testcase name="initialTest" time="5.353" classname="com.learning.osPlot.SalesManagerLoginTests"/>
  <system-out/>
  <testcase name="validPhone" time="4.938" classname="com.learning.osPlot.SalesManagerLoginTests"/>
  <system-out/>
  <testcase name="validateOtpWithValidCrendial" time="2.625" classname="com.learning.osPlot.SalesManagerLoginTests"/>
  <system-out/>
  <testcase name="validateAddCustomer" time="1.300" classname="com.learning.osPlot.SalesManagerLoginTests"/>
  <system-out/>
  <testcase name="validateChoosePlan" time="0.937" classname="com.learning.osPlot.SalesManagerLoginTests"/>
  <system-out/>
  <testcase name="createCustomer" time="40.110" classname="com.learning.osPlot.SalesManagerLoginTests"/>
  <system-out/>
</testsuite> <!-- com.learning.osPlot.SalesManagerLoginTests -->
